0 info it worked if it ends with ok
1 verbose cli [ '/usr/local/bin/node', '/usr/local/bin/npm', 'publish' ]
2 info using npm@2.14.7
3 info using node@v4.2.1
4 verbose publish [ '.' ]
5 silly cache add args [ '.', null ]
6 verbose cache add spec .
7 silly cache add parsed spec Result {
7 silly cache add   raw: '.',
7 silly cache add   scope: null,
7 silly cache add   name: null,
7 silly cache add   rawSpec: '.',
7 silly cache add   spec: '/Users/anhnguyen/Sites/divvit-utilities/country-info-utils',
7 silly cache add   type: 'directory' }
8 verbose addLocalDirectory /Users/anhnguyen/.npm/@divvit/country-info-utils/1.0.0/package.tgz not in flight; packing
9 verbose tar pack [ '/Users/anhnguyen/.npm/@divvit/country-info-utils/1.0.0/package.tgz',
9 verbose tar pack   '/Users/anhnguyen/Sites/divvit-utilities/country-info-utils' ]
10 verbose tarball /Users/anhnguyen/.npm/@divvit/country-info-utils/1.0.0/package.tgz
11 verbose folder /Users/anhnguyen/Sites/divvit-utilities/country-info-utils
12 info prepublish @divvit/country-info-utils@1.0.0
13 verbose addLocalTarball adding from inside cache /Users/anhnguyen/.npm/@divvit/country-info-utils/1.0.0/package.tgz
14 silly cache afterAdd @divvit/country-info-utils@1.0.0
15 verbose afterAdd /Users/anhnguyen/.npm/@divvit/country-info-utils/1.0.0/package/package.json not in flight; writing
16 verbose afterAdd /Users/anhnguyen/.npm/@divvit/country-info-utils/1.0.0/package/package.json written
17 silly publish { name: '@divvit/country-info-utils',
17 silly publish   version: '1.0.0',
17 silly publish   description: 'country common function like: countryList, timeZone for Country, Currency...',
17 silly publish   main: 'index.js',
17 silly publish   scripts: { test: 'make test' },
17 silly publish   repository:
17 silly publish    { type: 'git',
17 silly publish      url: 'git+https://github.com/divvit/country-info-utils.git' },
17 silly publish   keywords: [ 'countryList', 'timeZone', 'CurrencyList' ],
17 silly publish   author:
17 silly publish    { name: 'Anh Nguyen',
17 silly publish      email: 'anh@divvit.com',
17 silly publish      url: 'https://wwww.divvit.com/' },
17 silly publish   license: 'MIT',
17 silly publish   bugs: { url: 'https://github.com/divvit/country-info-utils/issues' },
17 silly publish   devDependencies: { chai: '^3.4.1', mocha: '^2.3.4' },
17 silly publish   homepage: 'https://github.com/divvit/country-info-utils#readme',
17 silly publish   directories: { test: 'test' },
17 silly publish   dependencies: { chai: '^3.4.1' },
17 silly publish   readme: 'A small library providing utility methods to get Country list, timezone for country, currency of country\n\n## Installation\n\n  npm install @divvit/country-info-utils --save\n\n## Usage\n\n  \tvar utility = require(\'@divvit/country-info-utils\');\n\n  \tvar countrList = utility.getCountryList();\n\n  \tconsole.log(\'Country list:\' + countrList);\n\n  \tvar timezone = utility.getCountryForTimezone(\'Europe/Stockholm\');\n\n  \tconsole.log(\'Country for time zone:\' + timezone);\n\n  \tvar currency = utility.getCurrencyList();\n\n  \tconsole.log(\'Currency list:\' + currency);\n\n## Tests\n\n  npm test\n\n## Contributing\n\nIn lieu of a formal styleguide, take care to maintain the existing coding style.\nAdd unit tests for any new or changed functionality. Lint and test your code.\n\n## Release History\n\n* 0.1.0 Initial release',
17 silly publish   readmeFilename: 'README.md',
17 silly publish   gitHead: 'e2d897d93768012db91d3832bd634a50ace59117',
17 silly publish   _id: '@divvit/country-info-utils@1.0.0',
17 silly publish   _shasum: 'c9067afd4c520b166a732983676bb05b861b89b8',
17 silly publish   _from: '.' }
18 verbose getPublishConfig undefined
19 silly mapToRegistry name @divvit/country-info-utils
20 silly mapToRegistry scope (from package name) @divvit
21 verbose mapToRegistry no registry URL found in name for scope @divvit
22 silly mapToRegistry using default registry
23 silly mapToRegistry registry https://registry.npmjs.org/
24 silly mapToRegistry uri https://registry.npmjs.org/@divvit%2fcountry-info-utils
25 verbose publish registryBase https://registry.npmjs.org/
26 silly publish uploading /Users/anhnguyen/.npm/@divvit/country-info-utils/1.0.0/package.tgz
27 verbose request uri https://registry.npmjs.org/@divvit%2fcountry-info-utils
28 verbose request sending authorization for write operation
29 info attempt registry request try #1 at 4:55:27 PM
30 verbose request using bearer token for auth
31 verbose request id 3aa25059fbfa7637
32 http request PUT https://registry.npmjs.org/@divvit%2fcountry-info-utils
33 http 403 https://registry.npmjs.org/@divvit%2fcountry-info-utils
34 verbose headers { 'content-type': 'application/json',
34 verbose headers   'cache-control': 'max-age=0',
34 verbose headers   'content-length': '95',
34 verbose headers   'accept-ranges': 'bytes',
34 verbose headers   date: 'Mon, 04 Jan 2016 09:55:18 GMT',
34 verbose headers   via: '1.1 varnish',
34 verbose headers   connection: 'keep-alive',
34 verbose headers   'x-served-by': 'cache-sin6921-SIN',
34 verbose headers   'x-cache': 'MISS',
34 verbose headers   'x-cache-hits': '0',
34 verbose headers   'x-timer': 'S1451901317.570050,VS0,VE1375' }
35 verbose request invalidating /Users/anhnguyen/.npm/registry.npmjs.org/_40divvit_252fcountry-info-utils on PUT
36 error publish Failed PUT 403
37 verbose stack Error: "You cannot publish over the previously published version 1.0.0." : @divvit/country-info-utils
37 verbose stack     at makeError (/usr/local/lib/node_modules/npm/node_modules/npm-registry-client/lib/request.js:264:12)
37 verbose stack     at CachingRegistryClient.<anonymous> (/usr/local/lib/node_modules/npm/node_modules/npm-registry-client/lib/request.js:252:14)
37 verbose stack     at Request._callback (/usr/local/lib/node_modules/npm/node_modules/npm-registry-client/lib/request.js:172:14)
37 verbose stack     at Request.self.callback (/usr/local/lib/node_modules/npm/node_modules/request/request.js:198:22)
37 verbose stack     at emitTwo (events.js:87:13)
37 verbose stack     at Request.emit (events.js:172:7)
37 verbose stack     at Request.<anonymous> (/usr/local/lib/node_modules/npm/node_modules/request/request.js:1063:14)
37 verbose stack     at emitOne (events.js:82:20)
37 verbose stack     at Request.emit (events.js:169:7)
37 verbose stack     at IncomingMessage.<anonymous> (/usr/local/lib/node_modules/npm/node_modules/request/request.js:1009:12)
38 verbose statusCode 403
39 verbose pkgid @divvit/country-info-utils
40 verbose cwd /Users/anhnguyen/Sites/divvit-utilities/country-info-utils
41 error Darwin 15.2.0
42 error argv "/usr/local/bin/node" "/usr/local/bin/npm" "publish"
43 error node v4.2.1
44 error npm  v2.14.7
45 error code E403
46 error "You cannot publish over the previously published version 1.0.0." : @divvit/country-info-utils
47 error If you need help, you may report this error at:
47 error     <https://github.com/npm/npm/issues>
48 verbose exit [ 1, true ]
